2019-11-20 20:49:01,969 0      [           main] DEBUG ache.ibatis.logging.LogFactory  - Logging initialized using 'class org.apache.ibatis.logging.log4j.Log4jImpl' adapter.
2019-11-20 20:49:02,051 82     [           main] DEBUG source.pooled.PooledDataSource  - PooledDataSource forcefully closed/removed all connections.
2019-11-20 20:49:02,051 82     [           main] DEBUG source.pooled.PooledDataSource  - PooledDataSource forcefully closed/removed all connections.
2019-11-20 20:49:02,051 82     [           main] DEBUG source.pooled.PooledDataSource  - PooledDataSource forcefully closed/removed all connections.
2019-11-20 20:49:02,051 82     [           main] DEBUG source.pooled.PooledDataSource  - PooledDataSource forcefully closed/removed all connections.
2019-11-20 20:49:02,080 111    [           main] DEBUG ansaction.jdbc.JdbcTransaction  - Opening JDBC Connection
2019-11-20 20:49:02,260 291    [           main] DEBUG source.pooled.PooledDataSource  - Created connection 1471086700.
2019-11-20 20:49:02,260 291    [           main] DEBUG ansaction.jdbc.JdbcTransaction  - Setting autocommit to false on JDBC Connection [com.mysql.jdbc.JDBC4Connection@57af006c]
2019-11-20 20:49:02,262 293    [           main] DEBUG            dao.UserDao.listAll  - ==>  Preparing: select * from user 
2019-11-20 20:49:02,290 321    [           main] DEBUG            dao.UserDao.listAll  - ==> Parameters: 
2019-11-20 20:49:02,309 340    [           main] DEBUG            dao.UserDao.listAll  - <==      Total: 2
2019-11-20 20:49:02,310 341    [           main] DEBUG ansaction.jdbc.JdbcTransaction  - Resetting autocommit to true on JDBC Connection [com.mysql.jdbc.JDBC4Connection@57af006c]
2019-11-20 20:49:02,311 342    [           main] DEBUG ansaction.jdbc.JdbcTransaction  - Closing JDBC Connection [com.mysql.jdbc.JDBC4Connection@57af006c]
2019-11-20 20:49:02,311 342    [           main] DEBUG source.pooled.PooledDataSource  - Returned connection 1471086700 to pool.
2019-11-20 21:03:16,223 0      [           main] DEBUG ache.ibatis.logging.LogFactory  - Logging initialized using 'class org.apache.ibatis.logging.log4j.Log4jImpl' adapter.
2019-11-20 21:03:16,290 67     [           main] DEBUG source.pooled.PooledDataSource  - PooledDataSource forcefully closed/removed all connections.
2019-11-20 21:03:16,290 67     [           main] DEBUG source.pooled.PooledDataSource  - PooledDataSource forcefully closed/removed all connections.
2019-11-20 21:03:16,290 67     [           main] DEBUG source.pooled.PooledDataSource  - PooledDataSource forcefully closed/removed all connections.
2019-11-20 21:03:16,290 67     [           main] DEBUG source.pooled.PooledDataSource  - PooledDataSource forcefully closed/removed all connections.
2019-11-20 21:03:16,313 90     [           main] DEBUG ansaction.jdbc.JdbcTransaction  - Opening JDBC Connection
2019-11-20 21:03:16,449 226    [           main] DEBUG source.pooled.PooledDataSource  - Created connection 783191662.
2019-11-20 21:03:16,449 226    [           main] DEBUG ansaction.jdbc.JdbcTransaction  - Setting autocommit to false on JDBC Connection [com.mysql.jdbc.JDBC4Connection@2eae8e6e]
2019-11-20 21:03:16,451 228    [           main] DEBUG            dao.UserDao.listAll  - ==>  Preparing: select * from user 
2019-11-20 21:03:16,471 248    [           main] DEBUG            dao.UserDao.listAll  - ==> Parameters: 
2019-11-20 21:03:16,486 263    [           main] DEBUG            dao.UserDao.listAll  - <==      Total: 2
2019-11-20 21:03:16,487 264    [           main] DEBUG ansaction.jdbc.JdbcTransaction  - Resetting autocommit to true on JDBC Connection [com.mysql.jdbc.JDBC4Connection@2eae8e6e]
2019-11-20 21:03:16,487 264    [           main] DEBUG ansaction.jdbc.JdbcTransaction  - Closing JDBC Connection [com.mysql.jdbc.JDBC4Connection@2eae8e6e]
2019-11-20 21:03:16,487 264    [           main] DEBUG source.pooled.PooledDataSource  - Returned connection 783191662 to pool.
2019-11-20 21:03:37,910 0      [           main] DEBUG ache.ibatis.logging.LogFactory  - Logging initialized using 'class org.apache.ibatis.logging.log4j.Log4jImpl' adapter.
2019-11-20 21:03:37,980 70     [           main] DEBUG source.pooled.PooledDataSource  - PooledDataSource forcefully closed/removed all connections.
2019-11-20 21:03:37,980 70     [           main] DEBUG source.pooled.PooledDataSource  - PooledDataSource forcefully closed/removed all connections.
2019-11-20 21:03:37,980 70     [           main] DEBUG source.pooled.PooledDataSource  - PooledDataSource forcefully closed/removed all connections.
2019-11-20 21:03:37,980 70     [           main] DEBUG source.pooled.PooledDataSource  - PooledDataSource forcefully closed/removed all connections.
2019-11-20 21:03:38,002 92     [           main] DEBUG ansaction.jdbc.JdbcTransaction  - Opening JDBC Connection
2019-11-20 21:03:38,150 240    [           main] DEBUG source.pooled.PooledDataSource  - Created connection 783191662.
2019-11-20 21:03:38,150 240    [           main] DEBUG ansaction.jdbc.JdbcTransaction  - Setting autocommit to false on JDBC Connection [com.mysql.jdbc.JDBC4Connection@2eae8e6e]
2019-11-20 21:03:38,151 241    [           main] DEBUG            dao.UserDao.listAll  - ==>  Preparing: select * from user 
2019-11-20 21:03:38,175 265    [           main] DEBUG            dao.UserDao.listAll  - ==> Parameters: 
2019-11-20 21:03:38,190 280    [           main] DEBUG            dao.UserDao.listAll  - <==      Total: 2
2019-11-20 21:03:38,190 280    [           main] DEBUG ansaction.jdbc.JdbcTransaction  - Resetting autocommit to true on JDBC Connection [com.mysql.jdbc.JDBC4Connection@2eae8e6e]
2019-11-20 21:03:38,191 281    [           main] DEBUG ansaction.jdbc.JdbcTransaction  - Closing JDBC Connection [com.mysql.jdbc.JDBC4Connection@2eae8e6e]
2019-11-20 21:03:38,191 281    [           main] DEBUG source.pooled.PooledDataSource  - Returned connection 783191662 to pool.
2019-11-20 21:06:47,902 0      [           main] DEBUG ache.ibatis.logging.LogFactory  - Logging initialized using 'class org.apache.ibatis.logging.log4j.Log4jImpl' adapter.
2019-11-20 21:06:47,965 63     [           main] DEBUG source.pooled.PooledDataSource  - PooledDataSource forcefully closed/removed all connections.
2019-11-20 21:06:47,965 63     [           main] DEBUG source.pooled.PooledDataSource  - PooledDataSource forcefully closed/removed all connections.
2019-11-20 21:06:47,965 63     [           main] DEBUG source.pooled.PooledDataSource  - PooledDataSource forcefully closed/removed all connections.
2019-11-20 21:06:47,965 63     [           main] DEBUG source.pooled.PooledDataSource  - PooledDataSource forcefully closed/removed all connections.
2019-11-20 21:06:47,988 86     [           main] DEBUG ansaction.jdbc.JdbcTransaction  - Opening JDBC Connection
2019-11-20 21:06:48,135 233    [           main] DEBUG source.pooled.PooledDataSource  - Created connection 402009651.
2019-11-20 21:06:48,135 233    [           main] DEBUG ansaction.jdbc.JdbcTransaction  - Setting autocommit to false on JDBC Connection [com.mysql.jdbc.JDBC4Connection@17f62e33]
2019-11-20 21:06:48,136 234    [           main] DEBUG           dao.UserDao.saveUser  - ==>  Preparing: insert into user(name,password) values(?,?) 
2019-11-20 21:06:48,162 260    [           main] DEBUG           dao.UserDao.saveUser  - ==> Parameters: test1574255207983(String), 123456(String)
2019-11-20 21:06:48,163 261    [           main] DEBUG           dao.UserDao.saveUser  - <==    Updates: 1
2019-11-20 21:06:48,163 261    [           main] DEBUG ansaction.jdbc.JdbcTransaction  - Committing JDBC Connection [com.mysql.jdbc.JDBC4Connection@17f62e33]
2019-11-20 21:06:48,164 262    [           main] DEBUG ansaction.jdbc.JdbcTransaction  - Resetting autocommit to true on JDBC Connection [com.mysql.jdbc.JDBC4Connection@17f62e33]
2019-11-20 21:06:48,164 262    [           main] DEBUG ansaction.jdbc.JdbcTransaction  - Closing JDBC Connection [com.mysql.jdbc.JDBC4Connection@17f62e33]
2019-11-20 21:06:48,165 263    [           main] DEBUG source.pooled.PooledDataSource  - Returned connection 402009651 to pool.
2019-11-20 21:09:40,208 0      [           main] DEBUG ache.ibatis.logging.LogFactory  - Logging initialized using 'class org.apache.ibatis.logging.log4j.Log4jImpl' adapter.
2019-11-20 21:09:40,272 64     [           main] DEBUG source.pooled.PooledDataSource  - PooledDataSource forcefully closed/removed all connections.
2019-11-20 21:09:40,272 64     [           main] DEBUG source.pooled.PooledDataSource  - PooledDataSource forcefully closed/removed all connections.
2019-11-20 21:09:40,272 64     [           main] DEBUG source.pooled.PooledDataSource  - PooledDataSource forcefully closed/removed all connections.
2019-11-20 21:09:40,272 64     [           main] DEBUG source.pooled.PooledDataSource  - PooledDataSource forcefully closed/removed all connections.
2019-11-20 21:09:40,295 87     [           main] DEBUG ansaction.jdbc.JdbcTransaction  - Opening JDBC Connection
2019-11-20 21:09:40,441 233    [           main] DEBUG source.pooled.PooledDataSource  - Created connection 402009651.
2019-11-20 21:09:40,441 233    [           main] DEBUG ansaction.jdbc.JdbcTransaction  - Setting autocommit to false on JDBC Connection [com.mysql.jdbc.JDBC4Connection@17f62e33]
2019-11-20 21:09:40,443 235    [           main] DEBUG           dao.UserDao.saveUser  - ==>  Preparing: insert into user(name,password) values(?,?) 
2019-11-20 21:09:40,465 257    [           main] DEBUG           dao.UserDao.saveUser  - ==> Parameters: test1574255380290(String), 123456(String)
2019-11-20 21:09:40,466 258    [           main] DEBUG           dao.UserDao.saveUser  - <==    Updates: 1
2019-11-20 21:09:40,466 258    [           main] DEBUG ansaction.jdbc.JdbcTransaction  - Committing JDBC Connection [com.mysql.jdbc.JDBC4Connection@17f62e33]
2019-11-20 21:09:40,467 259    [           main] DEBUG ansaction.jdbc.JdbcTransaction  - Resetting autocommit to true on JDBC Connection [com.mysql.jdbc.JDBC4Connection@17f62e33]
2019-11-20 21:09:40,467 259    [           main] DEBUG ansaction.jdbc.JdbcTransaction  - Closing JDBC Connection [com.mysql.jdbc.JDBC4Connection@17f62e33]
2019-11-20 21:09:40,467 259    [           main] DEBUG source.pooled.PooledDataSource  - Returned connection 402009651 to pool.
2019-11-20 21:18:00,519 0      [           main] DEBUG ache.ibatis.logging.LogFactory  - Logging initialized using 'class org.apache.ibatis.logging.log4j.Log4jImpl' adapter.
2019-11-20 21:18:00,589 70     [           main] DEBUG source.pooled.PooledDataSource  - PooledDataSource forcefully closed/removed all connections.
2019-11-20 21:18:00,589 70     [           main] DEBUG source.pooled.PooledDataSource  - PooledDataSource forcefully closed/removed all connections.
2019-11-20 21:18:00,589 70     [           main] DEBUG source.pooled.PooledDataSource  - PooledDataSource forcefully closed/removed all connections.
2019-11-20 21:18:00,589 70     [           main] DEBUG source.pooled.PooledDataSource  - PooledDataSource forcefully closed/removed all connections.
2019-11-20 21:18:00,614 95     [           main] DEBUG ansaction.jdbc.JdbcTransaction  - Opening JDBC Connection
2019-11-20 21:18:00,761 242    [           main] DEBUG source.pooled.PooledDataSource  - Created connection 2130192211.
2019-11-20 21:18:00,761 242    [           main] DEBUG ansaction.jdbc.JdbcTransaction  - Setting autocommit to false on JDBC Connection [com.mysql.jdbc.JDBC4Connection@7ef82753]
2019-11-20 21:18:00,762 243    [           main] DEBUG            dao.UserDao.getById  - ==>  Preparing: select * from user where id = ? 
2019-11-20 21:18:00,791 272    [           main] DEBUG            dao.UserDao.getById  - ==> Parameters: 1(Integer)
2019-11-20 21:18:00,804 285    [           main] DEBUG            dao.UserDao.getById  - <==      Total: 1
2019-11-20 21:18:00,805 286    [           main] DEBUG ansaction.jdbc.JdbcTransaction  - Resetting autocommit to true on JDBC Connection [com.mysql.jdbc.JDBC4Connection@7ef82753]
2019-11-20 21:18:00,805 286    [           main] DEBUG ansaction.jdbc.JdbcTransaction  - Closing JDBC Connection [com.mysql.jdbc.JDBC4Connection@7ef82753]
2019-11-20 21:18:00,805 286    [           main] DEBUG source.pooled.PooledDataSource  - Returned connection 2130192211 to pool.
2019-11-20 21:21:58,676 0      [           main] DEBUG ache.ibatis.logging.LogFactory  - Logging initialized using 'class org.apache.ibatis.logging.log4j.Log4jImpl' adapter.
2019-11-20 21:21:58,745 69     [           main] DEBUG source.pooled.PooledDataSource  - PooledDataSource forcefully closed/removed all connections.
2019-11-20 21:21:58,746 70     [           main] DEBUG source.pooled.PooledDataSource  - PooledDataSource forcefully closed/removed all connections.
2019-11-20 21:21:58,746 70     [           main] DEBUG source.pooled.PooledDataSource  - PooledDataSource forcefully closed/removed all connections.
2019-11-20 21:21:58,746 70     [           main] DEBUG source.pooled.PooledDataSource  - PooledDataSource forcefully closed/removed all connections.
2019-11-20 21:21:58,771 95     [           main] DEBUG ansaction.jdbc.JdbcTransaction  - Opening JDBC Connection
2019-11-20 21:21:58,920 244    [           main] DEBUG source.pooled.PooledDataSource  - Created connection 990897274.
2019-11-20 21:21:58,920 244    [           main] DEBUG ansaction.jdbc.JdbcTransaction  - Setting autocommit to false on JDBC Connection [com.mysql.jdbc.JDBC4Connection@3b0fe47a]
2019-11-20 21:21:58,922 246    [           main] DEBUG         dao.UserDao.listByName  - ==>  Preparing: select * from user where name like ? 
2019-11-20 21:21:58,946 270    [           main] DEBUG         dao.UserDao.listByName  - ==> Parameters: %e%(String)
2019-11-20 21:21:58,959 283    [           main] DEBUG         dao.UserDao.listByName  - <==      Total: 3
2019-11-20 21:21:58,960 284    [           main] DEBUG ansaction.jdbc.JdbcTransaction  - Resetting autocommit to true on JDBC Connection [com.mysql.jdbc.JDBC4Connection@3b0fe47a]
2019-11-20 21:21:58,960 284    [           main] DEBUG ansaction.jdbc.JdbcTransaction  - Closing JDBC Connection [com.mysql.jdbc.JDBC4Connection@3b0fe47a]
2019-11-20 21:21:58,960 284    [           main] DEBUG source.pooled.PooledDataSource  - Returned connection 990897274 to pool.
2019-11-20 21:29:08,017 0      [           main] DEBUG ache.ibatis.logging.LogFactory  - Logging initialized using 'class org.apache.ibatis.logging.log4j.Log4jImpl' adapter.
2019-11-20 21:29:08,083 66     [           main] DEBUG source.pooled.PooledDataSource  - PooledDataSource forcefully closed/removed all connections.
2019-11-20 21:29:08,083 66     [           main] DEBUG source.pooled.PooledDataSource  - PooledDataSource forcefully closed/removed all connections.
2019-11-20 21:29:08,083 66     [           main] DEBUG source.pooled.PooledDataSource  - PooledDataSource forcefully closed/removed all connections.
2019-11-20 21:29:08,083 66     [           main] DEBUG source.pooled.PooledDataSource  - PooledDataSource forcefully closed/removed all connections.
2019-11-20 21:29:08,108 91     [           main] DEBUG ansaction.jdbc.JdbcTransaction  - Opening JDBC Connection
2019-11-20 21:29:08,247 230    [           main] DEBUG source.pooled.PooledDataSource  - Created connection 1042790962.
2019-11-20 21:29:08,247 230    [           main] DEBUG ansaction.jdbc.JdbcTransaction  - Setting autocommit to false on JDBC Connection [com.mysql.jdbc.JDBC4Connection@3e27ba32]
2019-11-20 21:29:08,249 232    [           main] DEBUG          dao.UserDao.countUser  - ==>  Preparing: select count(*) from user 
2019-11-20 21:29:08,271 254    [           main] DEBUG          dao.UserDao.countUser  - ==> Parameters: 
2019-11-20 21:29:08,290 273    [           main] DEBUG          dao.UserDao.countUser  - <==      Total: 1
2019-11-20 21:29:08,291 274    [           main] DEBUG ansaction.jdbc.JdbcTransaction  - Resetting autocommit to true on JDBC Connection [com.mysql.jdbc.JDBC4Connection@3e27ba32]
2019-11-20 21:29:08,291 274    [           main] DEBUG ansaction.jdbc.JdbcTransaction  - Closing JDBC Connection [com.mysql.jdbc.JDBC4Connection@3e27ba32]
2019-11-20 21:29:08,291 274    [           main] DEBUG source.pooled.PooledDataSource  - Returned connection 1042790962 to pool.
2019-11-20 21:43:20,933 0      [           main] DEBUG ache.ibatis.logging.LogFactory  - Logging initialized using 'class org.apache.ibatis.logging.log4j.Log4jImpl' adapter.
2019-11-20 21:43:21,004 71     [           main] DEBUG source.pooled.PooledDataSource  - PooledDataSource forcefully closed/removed all connections.
2019-11-20 21:43:21,004 71     [           main] DEBUG source.pooled.PooledDataSource  - PooledDataSource forcefully closed/removed all connections.
2019-11-20 21:43:21,004 71     [           main] DEBUG source.pooled.PooledDataSource  - PooledDataSource forcefully closed/removed all connections.
2019-11-20 21:43:21,004 71     [           main] DEBUG source.pooled.PooledDataSource  - PooledDataSource forcefully closed/removed all connections.
2019-11-20 21:43:21,031 98     [           main] DEBUG ansaction.jdbc.JdbcTransaction  - Opening JDBC Connection
2019-11-20 21:43:21,174 241    [           main] DEBUG source.pooled.PooledDataSource  - Created connection 2130192211.
2019-11-20 21:43:21,174 241    [           main] DEBUG ansaction.jdbc.JdbcTransaction  - Setting autocommit to false on JDBC Connection [com.mysql.jdbc.JDBC4Connection@7ef82753]
2019-11-20 21:43:21,176 243    [           main] DEBUG           dao.UserDao.saveUser  - ==>  Preparing: insert into user(name,password) values(?,?) 
2019-11-20 21:43:21,199 266    [           main] DEBUG           dao.UserDao.saveUser  - ==> Parameters: test1574257401025(String), 123456(String)
2019-11-20 21:43:21,200 267    [           main] DEBUG           dao.UserDao.saveUser  - <==    Updates: 1
2019-11-20 21:43:21,201 268    [           main] DEBUG dao.UserDao.saveUser!selectKey  - ==>  Preparing: select last_insert_id(); 
2019-11-20 21:43:21,201 268    [           main] DEBUG dao.UserDao.saveUser!selectKey  - ==> Parameters: 
2019-11-20 21:43:21,214 281    [           main] DEBUG dao.UserDao.saveUser!selectKey  - <==      Total: 1
2019-11-20 21:43:21,214 281    [           main] DEBUG ansaction.jdbc.JdbcTransaction  - Committing JDBC Connection [com.mysql.jdbc.JDBC4Connection@7ef82753]
2019-11-20 21:43:21,216 283    [           main] DEBUG ansaction.jdbc.JdbcTransaction  - Resetting autocommit to true on JDBC Connection [com.mysql.jdbc.JDBC4Connection@7ef82753]
2019-11-20 21:43:21,216 283    [           main] DEBUG ansaction.jdbc.JdbcTransaction  - Closing JDBC Connection [com.mysql.jdbc.JDBC4Connection@7ef82753]
2019-11-20 21:43:21,216 283    [           main] DEBUG source.pooled.PooledDataSource  - Returned connection 2130192211 to pool.
2019-11-20 22:01:50,095 0      [           main] DEBUG ache.ibatis.logging.LogFactory  - Logging initialized using 'class org.apache.ibatis.logging.log4j.Log4jImpl' adapter.
2019-11-20 22:01:50,164 69     [           main] DEBUG source.pooled.PooledDataSource  - PooledDataSource forcefully closed/removed all connections.
2019-11-20 22:01:50,164 69     [           main] DEBUG source.pooled.PooledDataSource  - PooledDataSource forcefully closed/removed all connections.
2019-11-20 22:01:50,164 69     [           main] DEBUG source.pooled.PooledDataSource  - PooledDataSource forcefully closed/removed all connections.
2019-11-20 22:01:50,164 69     [           main] DEBUG source.pooled.PooledDataSource  - PooledDataSource forcefully closed/removed all connections.
2019-11-20 22:01:50,191 96     [           main] DEBUG ansaction.jdbc.JdbcTransaction  - Opening JDBC Connection
2019-11-20 22:01:50,334 239    [           main] DEBUG source.pooled.PooledDataSource  - Created connection 2035616217.
2019-11-20 22:01:50,335 240    [           main] DEBUG ansaction.jdbc.JdbcTransaction  - Setting autocommit to false on JDBC Connection [com.mysql.jdbc.JDBC4Connection@795509d9]
2019-11-20 22:01:50,336 241    [           main] DEBUG  dao.UserDao.listByQueryVoName  - ==>  Preparing: select * from user where name like ? 
2019-11-20 22:01:50,360 265    [           main] DEBUG  dao.UserDao.listByQueryVoName  - ==> Parameters: %e%(String)
2019-11-20 22:01:50,372 277    [           main] DEBUG  dao.UserDao.listByQueryVoName  - <==      Total: 4
2019-11-20 22:01:50,373 278    [           main] DEBUG ansaction.jdbc.JdbcTransaction  - Resetting autocommit to true on JDBC Connection [com.mysql.jdbc.JDBC4Connection@795509d9]
2019-11-20 22:01:50,373 278    [           main] DEBUG ansaction.jdbc.JdbcTransaction  - Closing JDBC Connection [com.mysql.jdbc.JDBC4Connection@795509d9]
2019-11-20 22:01:50,373 278    [           main] DEBUG source.pooled.PooledDataSource  - Returned connection 2035616217 to pool.
2019-11-20 22:18:27,926 0      [           main] DEBUG ache.ibatis.logging.LogFactory  - Logging initialized using 'class org.apache.ibatis.logging.log4j.Log4jImpl' adapter.
2019-11-20 22:18:27,992 66     [           main] DEBUG source.pooled.PooledDataSource  - PooledDataSource forcefully closed/removed all connections.
2019-11-20 22:18:27,992 66     [           main] DEBUG source.pooled.PooledDataSource  - PooledDataSource forcefully closed/removed all connections.
2019-11-20 22:18:27,992 66     [           main] DEBUG source.pooled.PooledDataSource  - PooledDataSource forcefully closed/removed all connections.
2019-11-20 22:18:27,992 66     [           main] DEBUG source.pooled.PooledDataSource  - PooledDataSource forcefully closed/removed all connections.
2019-11-20 22:18:28,020 94     [           main] DEBUG ansaction.jdbc.JdbcTransaction  - Opening JDBC Connection
2019-11-20 22:18:28,162 236    [           main] DEBUG source.pooled.PooledDataSource  - Created connection 485937598.
2019-11-20 22:18:28,162 236    [           main] DEBUG ansaction.jdbc.JdbcTransaction  - Setting autocommit to false on JDBC Connection [com.mysql.jdbc.JDBC4Connection@1cf6d1be]
2019-11-20 22:18:28,164 238    [           main] DEBUG            dao.UserDao.listAll  - ==>  Preparing: select * from user 
2019-11-20 22:18:28,188 262    [           main] DEBUG            dao.UserDao.listAll  - ==> Parameters: 
2019-11-20 22:18:28,203 277    [           main] DEBUG            dao.UserDao.listAll  - <==      Total: 5
2019-11-20 22:18:28,203 277    [           main] DEBUG ansaction.jdbc.JdbcTransaction  - Resetting autocommit to true on JDBC Connection [com.mysql.jdbc.JDBC4Connection@1cf6d1be]
2019-11-20 22:18:28,204 278    [           main] DEBUG ansaction.jdbc.JdbcTransaction  - Closing JDBC Connection [com.mysql.jdbc.JDBC4Connection@1cf6d1be]
2019-11-20 22:18:28,204 278    [           main] DEBUG source.pooled.PooledDataSource  - Returned connection 485937598 to pool.
2019-11-20 22:19:07,988 0      [           main] DEBUG ache.ibatis.logging.LogFactory  - Logging initialized using 'class org.apache.ibatis.logging.log4j.Log4jImpl' adapter.
2019-11-20 22:19:08,059 71     [           main] DEBUG source.pooled.PooledDataSource  - PooledDataSource forcefully closed/removed all connections.
2019-11-20 22:19:08,059 71     [           main] DEBUG source.pooled.PooledDataSource  - PooledDataSource forcefully closed/removed all connections.
2019-11-20 22:19:08,059 71     [           main] DEBUG source.pooled.PooledDataSource  - PooledDataSource forcefully closed/removed all connections.
2019-11-20 22:19:08,059 71     [           main] DEBUG source.pooled.PooledDataSource  - PooledDataSource forcefully closed/removed all connections.
2019-11-20 22:19:59,665 0      [           main] DEBUG ache.ibatis.logging.LogFactory  - Logging initialized using 'class org.apache.ibatis.logging.log4j.Log4jImpl' adapter.
2019-11-20 22:19:59,729 64     [           main] DEBUG source.pooled.PooledDataSource  - PooledDataSource forcefully closed/removed all connections.
2019-11-20 22:19:59,729 64     [           main] DEBUG source.pooled.PooledDataSource  - PooledDataSource forcefully closed/removed all connections.
2019-11-20 22:19:59,729 64     [           main] DEBUG source.pooled.PooledDataSource  - PooledDataSource forcefully closed/removed all connections.
2019-11-20 22:19:59,729 64     [           main] DEBUG source.pooled.PooledDataSource  - PooledDataSource forcefully closed/removed all connections.
2019-11-20 22:21:49,625 0      [           main] DEBUG ache.ibatis.logging.LogFactory  - Logging initialized using 'class org.apache.ibatis.logging.log4j.Log4jImpl' adapter.
2019-11-20 22:21:49,695 70     [           main] DEBUG source.pooled.PooledDataSource  - PooledDataSource forcefully closed/removed all connections.
2019-11-20 22:21:49,695 70     [           main] DEBUG source.pooled.PooledDataSource  - PooledDataSource forcefully closed/removed all connections.
2019-11-20 22:21:49,695 70     [           main] DEBUG source.pooled.PooledDataSource  - PooledDataSource forcefully closed/removed all connections.
2019-11-20 22:21:49,695 70     [           main] DEBUG source.pooled.PooledDataSource  - PooledDataSource forcefully closed/removed all connections.
2019-11-20 22:21:49,726 101    [           main] DEBUG ansaction.jdbc.JdbcTransaction  - Opening JDBC Connection
2019-11-20 22:21:49,867 242    [           main] DEBUG source.pooled.PooledDataSource  - Created connection 764419760.
2019-11-20 22:21:49,867 242    [           main] DEBUG ansaction.jdbc.JdbcTransaction  - Setting autocommit to false on JDBC Connection [com.mysql.jdbc.JDBC4Connection@2d901eb0]
2019-11-20 22:21:49,869 244    [           main] DEBUG            dao.UserDao.listAll  - ==>  Preparing: select * from user 
2019-11-20 22:21:49,888 263    [           main] DEBUG            dao.UserDao.listAll  - ==> Parameters: 
2019-11-20 22:21:49,901 276    [           main] DEBUG            dao.UserDao.listAll  - <==      Total: 5
2019-11-20 22:21:49,901 276    [           main] DEBUG ansaction.jdbc.JdbcTransaction  - Resetting autocommit to true on JDBC Connection [com.mysql.jdbc.JDBC4Connection@2d901eb0]
2019-11-20 22:21:49,902 277    [           main] DEBUG ansaction.jdbc.JdbcTransaction  - Closing JDBC Connection [com.mysql.jdbc.JDBC4Connection@2d901eb0]
2019-11-20 22:21:49,902 277    [           main] DEBUG source.pooled.PooledDataSource  - Returned connection 764419760 to pool.
